app/build/outputs/logs/manifest-merger-debug-report.txt
-- Merging decision tree log ---
manifest
ADDED from src/main/AndroidManifest.xml:2:1-51:12
	package
		ADDED from src/main/AndroidManifest.xml:3:5-44
		INJECTED from src/main/AndroidManifest.xml
		INJECTED from src/main/AndroidManifest.xml
	android:versionName
		ADDED from src/main/AndroidManifest.xml:5:5-30
		INJECTED from src/main/AndroidManifest.xml
		INJECTED from src/main/AndroidManifest.xml
	android:versionCode
		ADDED from src/main/AndroidManifest.xml:4:5-28
		INJECTED from src/main/AndroidManifest.xml
		INJECTED from src/main/AndroidManifest.xml
	xmlns:android
		ADDED from src/main/AndroidManifest.xml:2:11-69
uses-sdk
ADDED from src/main/AndroidManifest.xml:7:5-9:41
	android:targetSdkVersion
		ADDED from src/main/AndroidManifest.xml:9:9-38
		INJECTED from src/main/AndroidManifest.xml
		INJECTED from src/main/AndroidManifest.xml
	android:minSdkVersion
		ADDED from src/main/AndroidManifest.xml:8:9-34
		INJECTED from src/main/AndroidManifest.xml
		INJECTED from src/main/AndroidManifest.xml
android:uses-permission#android.permission.WRITE_EXTERNAL_STORAGE
ADDED from src/main/AndroidManifest.xml:11:5-89
	android:name
		ADDED from src/main/AndroidManifest.xml:11:30-86
android:uses-permission#android.permission.READ_PHONE_STATE
ADDED from src/main/AndroidManifest.xml:12:5-83
	android:name
		ADDED from src/main/AndroidManifest.xml:12:30-80
android:uses-permission#android.permission.READ_EXTERNAL_STORAGE
ADDED from src/main/AndroidManifest.xml:13:5-88
	android:name
		ADDED from src/main/AndroidManifest.xml:13:30-85
application
ADDED from src/main/AndroidManifest.xml:15:5-49:19
	android:label
		ADDED from src/main/AndroidManifest.xml:18:9-41
	android:allowBackup
		ADDED from src/main/AndroidManifest.xml:16:9-35
	android:icon
		ADDED from src/main/AndroidManifest.xml:17:9-45
	android:theme
		ADDED from src/main/AndroidManifest.xml:19:9-40
activity#com.example.androiddatepicker.MainActivity
ADDED from src/main/AndroidManifest.xml:20:9-28:20
	android:label
		ADDED from src/main/AndroidManifest.xml:22:13-45
	android:name
		ADDED from src/main/AndroidManifest.xml:21:13-41
intent-filter#android.intent.action.MAIN+android.intent.category.LAUNCHER
ADDED from src/main/AndroidManifest.xml:23:13-27:29
action#android.intent.action.MAIN
ADDED from src/main/AndroidManifest.xml:24:17-69
	android:name
		ADDED from src/main/AndroidManifest.xml:24:25-66
category#android.intent.category.LAUNCHER
ADDED from src/main/AndroidManifest.xml:26:17-77
	android:name
		ADDED from src/main/AndroidManifest.xml:26:27-74
receiver#com.example.androiddatepicker.VibrateReceiver
ADDED from src/main/AndroidManifest.xml:30:9-32:41
	android:process
		ADDED from src/main/AndroidManifest.xml:32:13-38
	android:name
		ADDED from src/main/AndroidManifest.xml:31:13-44
receiver#com.example.androiddatepicker.SilentReceiver
ADDED from src/main/AndroidManifest.xml:33:9-35:41
	android:process
		ADDED from src/main/AndroidManifest.xml:35:13-38
	android:name
		ADDED from src/main/AndroidManifest.xml:34:13-43
activity#com.example.androiddatepicker.Main2Activity
ADDED from src/main/AndroidManifest.xml:37:9-44:20
	android:name
		ADDED from src/main/AndroidManifest.xml:37:19-48
intent-filter#android.intent.action.MAIN2+android.intent.category.LAUNCHER
ADDED from src/main/AndroidManifest.xml:39:13-43:29
action#android.intent.action.MAIN2
ADDED from src/main/AndroidManifest.xml:40:17-70
	android:name
		ADDED from src/main/AndroidManifest.xml:40:25-67
receiver#com.example.androiddatepicker.VolumeReceiver
ADDED from src/main/AndroidManifest.xml:46:9-48:41
	android:process
		ADDED from src/main/AndroidManifest.xml:48:13-38
	android:name
		ADDED from src/main/AndroidManifest.xml:47:13-43